{"C:\\Users\\LENOVO\\Desktop\\without-validation\\app.js": {"path":"C:\\Users\\LENOVO\\Desktop\\without-validation\\app.js","statementMap":{"0":{"start":{"line":1,"column":16},"end":{"line":1,"column":34}},"1":{"start":{"line":2,"column":17},"end":{"line":2,"column":36}},"2":{"start":{"line":3,"column":15},"end":{"line":3,"column":32}},"3":{"start":{"line":4,"column":12},"end":{"line":4,"column":21}},"4":{"start":{"line":6,"column":19},"end":{"line":6,"column":49}},"5":{"start":{"line":8,"column":0},"end":{"line":8,"column":28}},"6":{"start":{"line":9,"column":0},"end":{"line":9,"column":24}},"7":{"start":{"line":12,"column":19},"end":{"line":17,"column":1}},"8":{"start":{"line":19,"column":0},"end":{"line":19,"column":19}},"9":{"start":{"line":20,"column":0},"end":{"line":20,"column":27}},"10":{"start":{"line":22,"column":0},"end":{"line":24,"column":2}},"11":{"start":{"line":23,"column":4},"end":{"line":23,"column":53}},"12":{"start":{"line":26,"column":11},"end":{"line":26,"column":109}},"13":{"start":{"line":28,"column":0},"end":{"line":35,"column":2}},"14":{"start":{"line":34,"column":4},"end":{"line":34,"column":53}},"15":{"start":{"line":37,"column":13},"end":{"line":37,"column":17}},"16":{"start":{"line":38,"column":0},"end":{"line":40,"column":2}},"17":{"start":{"line":39,"column":4},"end":{"line":39,"column":53}},"18":{"start":{"line":42,"column":0},"end":{"line":42,"column":20}}},"fnMap":{"0":{"name":"(anonymous_0)","decl":{"start":{"line":22,"column":12},"end":{"line":22,"column":13}},"loc":{"start":{"line":22,"column":24},"end":{"line":24,"column":1}},"line":22},"1":{"name":"(anonymous_1)","decl":{"start":{"line":33,"column":9},"end":{"line":33,"column":10}},"loc":{"start":{"line":33,"column":13},"end":{"line":35,"column":1}},"line":33},"2":{"name":"(anonymous_2)","decl":{"start":{"line":38,"column":16},"end":{"line":38,"column":17}},"loc":{"start":{"line":38,"column":20},"end":{"line":40,"column":1}},"line":38}},"branchMap":{},"s":{"0":1,"1":1,"2":1,"3":1,"4":1,"5":1,"6":1,"7":1,"8":1,"9":1,"10":1,"11":0,"12":1,"13":1,"14":1,"15":1,"16":1,"17":1,"18":1},"f":{"0":0,"1":1,"2":1},"b":{},"_coverageSchema":"1a1c01bbd47fc00a2c39e90264f33305004495a9","hash":"2774dac8825b8ce89991dc8bfd579b131866ba2d"}
,"C:\\Users\\LENOVO\\Desktop\\without-validation\\controllers\\authController.js": {"path":"C:\\Users\\LENOVO\\Desktop\\without-validation\\controllers\\authController.js","statementMap":{"0":{"start":{"line":1,"column":15},"end":{"line":1,"column":32}},"1":{"start":{"line":3,"column":27},"end":{"line":3,"column":55}},"2":{"start":{"line":4,"column":23},"end":{"line":4,"column":67}},"3":{"start":{"line":6,"column":13},"end":{"line":6,"column":43}},"4":{"start":{"line":16,"column":0},"end":{"line":22,"column":1}},"5":{"start":{"line":17,"column":4},"end":{"line":21,"column":6}},"6":{"start":{"line":35,"column":0},"end":{"line":70,"column":1}},"7":{"start":{"line":36,"column":55},"end":{"line":36,"column":63}},"8":{"start":{"line":37,"column":17},"end":{"line":37,"column":65}},"9":{"start":{"line":39,"column":4},"end":{"line":49,"column":5}},"10":{"start":{"line":40,"column":8},"end":{"line":48,"column":10}},"11":{"start":{"line":51,"column":4},"end":{"line":69,"column":5}},"12":{"start":{"line":52,"column":29},"end":{"line":52,"column":59}},"13":{"start":{"line":53,"column":19},"end":{"line":61,"column":10}},"14":{"start":{"line":62,"column":25},"end":{"line":62,"column":42}},"15":{"start":{"line":63,"column":7},"end":{"line":63,"column":58}},"16":{"start":{"line":64,"column":7},"end":{"line":64,"column":77}},"17":{"start":{"line":65,"column":7},"end":{"line":65,"column":25}},"18":{"start":{"line":67,"column":8},"end":{"line":67,"column":24}},"19":{"start":{"line":68,"column":8},"end":{"line":68,"column":17}},"20":{"start":{"line":82,"column":0},"end":{"line":85,"column":1}},"21":{"start":{"line":83,"column":4},"end":{"line":83,"column":34}},"22":{"start":{"line":84,"column":4},"end":{"line":84,"column":75}},"23":{"start":{"line":101,"column":0},"end":{"line":138,"column":1}},"24":{"start":{"line":102,"column":28},"end":{"line":102,"column":36}},"25":{"start":{"line":103,"column":17},"end":{"line":103,"column":65}},"26":{"start":{"line":105,"column":4},"end":{"line":111,"column":5}},"27":{"start":{"line":106,"column":8},"end":{"line":110,"column":10}},"28":{"start":{"line":113,"column":4},"end":{"line":137,"column":5}},"29":{"start":{"line":114,"column":19},"end":{"line":114,"column":46}},"30":{"start":{"line":115,"column":8},"end":{"line":120,"column":9}},"31":{"start":{"line":116,"column":12},"end":{"line":119,"column":14}},"32":{"start":{"line":122,"column":20},"end":{"line":122,"column":64}},"33":{"start":{"line":124,"column":8},"end":{"line":129,"column":9}},"34":{"start":{"line":125,"column":12},"end":{"line":128,"column":14}},"35":{"start":{"line":130,"column":8},"end":{"line":130,"column":55}},"36":{"start":{"line":131,"column":8},"end":{"line":131,"column":72}},"37":{"start":{"line":132,"column":8},"end":{"line":132,"column":20}},"38":{"start":{"line":135,"column":8},"end":{"line":135,"column":24}},"39":{"start":{"line":136,"column":8},"end":{"line":136,"column":17}}},"fnMap":{"0":{"name":"(anonymous_0)","decl":{"start":{"line":16,"column":30},"end":{"line":16,"column":31}},"loc":{"start":{"line":16,"column":47},"end":{"line":22,"column":1}},"line":16},"1":{"name":"(anonymous_1)","decl":{"start":{"line":35,"column":31},"end":{"line":35,"column":32}},"loc":{"start":{"line":35,"column":54},"end":{"line":70,"column":1}},"line":35},"2":{"name":"(anonymous_2)","decl":{"start":{"line":82,"column":29},"end":{"line":82,"column":30}},"loc":{"start":{"line":82,"column":46},"end":{"line":85,"column":1}},"line":82},"3":{"name":"(anonymous_3)","decl":{"start":{"line":101,"column":30},"end":{"line":101,"column":31}},"loc":{"start":{"line":101,"column":53},"end":{"line":138,"column":1}},"line":101}},"branchMap":{"0":{"loc":{"start":{"line":39,"column":4},"end":{"line":49,"column":5}},"type":"if","locations":[{"start":{"line":39,"column":4},"end":{"line":49,"column":5}},{"start":{"line":39,"column":4},"end":{"line":49,"column":5}}],"line":39},"1":{"loc":{"start":{"line":105,"column":4},"end":{"line":111,"column":5}},"type":"if","locations":[{"start":{"line":105,"column":4},"end":{"line":111,"column":5}},{"start":{"line":105,"column":4},"end":{"line":111,"column":5}}],"line":105},"2":{"loc":{"start":{"line":115,"column":8},"end":{"line":120,"column":9}},"type":"if","locations":[{"start":{"line":115,"column":8},"end":{"line":120,"column":9}},{"start":{"line":115,"column":8},"end":{"line":120,"column":9}}],"line":115},"3":{"loc":{"start":{"line":124,"column":8},"end":{"line":129,"column":9}},"type":"if","locations":[{"start":{"line":124,"column":8},"end":{"line":129,"column":9}},{"start":{"line":124,"column":8},"end":{"line":129,"column":9}}],"line":124}},"s":{"0":1,"1":1,"2":1,"3":1,"4":1,"5":0,"6":1,"7":0,"8":0,"9":0,"10":0,"11":0,"12":0,"13":0,"14":0,"15":0,"16":0,"17":0,"18":0,"19":0,"20":1,"21":0,"22":0,"23":1,"24":0,"25":0,"26":0,"27":0,"28":0,"29":0,"30":0,"31":0,"32":0,"33":0,"34":0,"35":0,"36":0,"37":0,"38":0,"39":0},"f":{"0":0,"1":0,"2":0,"3":0},"b":{"0":[0,0],"1":[0,0],"2":[0,0],"3":[0,0]},"_coverageSchema":"1a1c01bbd47fc00a2c39e90264f33305004495a9","hash":"85cfc7db6ca261b7f3854ad37f6afe170cdad804"}
,"C:\\Users\\LENOVO\\Desktop\\without-validation\\models\\userModel.js": {"path":"C:\\Users\\LENOVO\\Desktop\\without-validation\\models\\userModel.js","statementMap":{"0":{"start":{"line":1,"column":17},"end":{"line":1,"column":36}},"1":{"start":{"line":3,"column":19},"end":{"line":44,"column":2}},"2":{"start":{"line":46,"column":13},"end":{"line":46,"column":46}},"3":{"start":{"line":48,"column":0},"end":{"line":48,"column":21}}},"fnMap":{},"branchMap":{},"s":{"0":2,"1":2,"2":2,"3":2},"f":{},"b":{},"_coverageSchema":"1a1c01bbd47fc00a2c39e90264f33305004495a9","hash":"f30c3a08fbbc2ca7a1a0b7b78ec2c088f5902245"}
,"C:\\Users\\LENOVO\\Desktop\\without-validation\\routes\\authRouter.js": {"path":"C:\\Users\\LENOVO\\Desktop\\without-validation\\routes\\authRouter.js","statementMap":{"0":{"start":{"line":1,"column":16},"end":{"line":1,"column":34}},"1":{"start":{"line":3,"column":24},"end":{"line":3,"column":68}},"2":{"start":{"line":4,"column":23},"end":{"line":4,"column":66}},"3":{"start":{"line":6,"column":23},"end":{"line":6,"column":63}},"4":{"start":{"line":7,"column":15},"end":{"line":7,"column":31}},"5":{"start":{"line":11,"column":0},"end":{"line":11,"column":56}},"6":{"start":{"line":12,"column":0},"end":{"line":12,"column":74}},"7":{"start":{"line":14,"column":0},"end":{"line":14,"column":54}},"8":{"start":{"line":15,"column":0},"end":{"line":15,"column":71}},"9":{"start":{"line":19,"column":0},"end":{"line":19,"column":23}}},"fnMap":{},"branchMap":{},"s":{"0":1,"1":1,"2":1,"3":1,"4":1,"5":1,"6":1,"7":1,"8":1,"9":1},"f":{},"b":{},"_coverageSchema":"1a1c01bbd47fc00a2c39e90264f33305004495a9","hash":"1dd0a4f8c2c34be577cce8cefcf04faa7b07d46e"}
,"C:\\Users\\LENOVO\\Desktop\\without-validation\\utils\\validationErrorFormatter.js": {"path":"C:\\Users\\LENOVO\\Desktop\\without-validation\\utils\\validationErrorFormatter.js","statementMap":{"0":{"start":{"line":1,"column":0},"end":{"line":1,"column":35}},"1":{"start":{"line":1,"column":26},"end":{"line":1,"column":35}}},"fnMap":{"0":{"name":"(anonymous_0)","decl":{"start":{"line":1,"column":17},"end":{"line":1,"column":18}},"loc":{"start":{"line":1,"column":26},"end":{"line":1,"column":35}},"line":1}},"branchMap":{},"s":{"0":1,"1":0},"f":{"0":0},"b":{},"_coverageSchema":"1a1c01bbd47fc00a2c39e90264f33305004495a9","hash":"d37ee099a59bd62d85d1b1c4c1ec26b072ffad6b"}
,"C:\\Users\\LENOVO\\Desktop\\without-validation\\validator\\auth\\loginValidator.js": {"path":"C:\\Users\\LENOVO\\Desktop\\without-validation\\validator\\auth\\loginValidator.js","statementMap":{"0":{"start":{"line":1,"column":15},"end":{"line":1,"column":43}},"1":{"start":{"line":3,"column":0},"end":{"line":13,"column":1}}},"fnMap":{},"branchMap":{},"s":{"0":1,"1":1},"f":{},"b":{},"_coverageSchema":"1a1c01bbd47fc00a2c39e90264f33305004495a9","hash":"54def3448dffb65fc07c8cb558406c6487fa0ef7"}
,"C:\\Users\\LENOVO\\Desktop\\without-validation\\validator\\auth\\signupValidator.js": {"path":"C:\\Users\\LENOVO\\Desktop\\without-validation\\validator\\auth\\signupValidator.js","statementMap":{"0":{"start":{"line":1,"column":15},"end":{"line":1,"column":43}},"1":{"start":{"line":3,"column":13},"end":{"line":3,"column":46}},"2":{"start":{"line":6,"column":0},"end":{"line":58,"column":1}},"3":{"start":{"line":39,"column":23},"end":{"line":39,"column":50}},"4":{"start":{"line":40,"column":12},"end":{"line":42,"column":13}},"5":{"start":{"line":41,"column":16},"end":{"line":41,"column":59}},"6":{"start":{"line":53,"column":12},"end":{"line":55,"column":13}},"7":{"start":{"line":54,"column":16},"end":{"line":54,"column":59}},"8":{"start":{"line":56,"column":12},"end":{"line":56,"column":23}}},"fnMap":{"0":{"name":"(anonymous_0)","decl":{"start":{"line":38,"column":16},"end":{"line":38,"column":17}},"loc":{"start":{"line":38,"column":31},"end":{"line":43,"column":9}},"line":38},"1":{"name":"(anonymous_1)","decl":{"start":{"line":52,"column":16},"end":{"line":52,"column":17}},"loc":{"start":{"line":52,"column":44},"end":{"line":57,"column":9}},"line":52}},"branchMap":{"0":{"loc":{"start":{"line":40,"column":12},"end":{"line":42,"column":13}},"type":"if","locations":[{"start":{"line":40,"column":12},"end":{"line":42,"column":13}},{"start":{"line":40,"column":12},"end":{"line":42,"column":13}}],"line":40},"1":{"loc":{"start":{"line":53,"column":12},"end":{"line":55,"column":13}},"type":"if","locations":[{"start":{"line":53,"column":12},"end":{"line":55,"column":13}},{"start":{"line":53,"column":12},"end":{"line":55,"column":13}}],"line":53}},"s":{"0":1,"1":1,"2":1,"3":1,"4":1,"5":0,"6":1,"7":1,"8":0},"f":{"0":1,"1":1},"b":{"0":[0,1],"1":[1,0]},"_coverageSchema":"1a1c01bbd47fc00a2c39e90264f33305004495a9","hash":"8c06ddd13e69ef6c7c6e20fe54ef36385b4fa2e8"}
}
